<?xml version="1.0" encoding="UTF-8"?>
<!-- Generated by org.testng.reporters.JUnitReportReporter -->
<testsuite hostname="BAGHBAN" failures="0" tests="4" name="api.test.UserTests2" time="3.831" errors="0" timestamp="2024-02-08T11:59:02 PST" skipped="0">
  <testcase classname="api.test.UserTests2" name="testPostUser" time="1.985"/>
  <system-out/>
  <testcase classname="api.test.UserTests2" name="getUserByName" time="0.475"/>
  <system-out/>
  <testcase classname="api.test.UserTests2" name="updateUserByName" time="0.926"/>
  <system-out/>
  <testcase classname="api.test.UserTests2" name="deleteUserByName" time="0.445"/>
  <system-out/>
</testsuite> <!-- api.test.UserTests2 -->
