<?xml version="1.0" encoding="UTF-8"?>
<!-- Generated by org.testng.reporters.JUnitReportReporter -->
<testsuite hostname="BAGHBAN" failures="0" tests="4" name="api.test.UserTests2" time="4.042" errors="0" timestamp="2024-02-08T11:52:59 PST" skipped="0">
  <testcase classname="api.test.UserTests2" name="testPostUser" time="2.177"/>
  <system-out/>
  <testcase classname="api.test.UserTests2" name="getUserByName" time="0.474"/>
  <system-out/>
  <testcase classname="api.test.UserTests2" name="updateUserByName" time="0.945"/>
  <system-out/>
  <testcase classname="api.test.UserTests2" name="deleteUserByName" time="0.446"/>
  <system-out/>
</testsuite> <!-- api.test.UserTests2 -->
