<?xml version="1.0" encoding="UTF-8"?>
<!-- Generated by org.testng.reporters.JUnitReportReporter -->
<testsuite hostname="BAGHBAN" failures="0" tests="4" name="api.test.UserTests2" time="3.952" errors="0" timestamp="2024-02-08T12:52:50 PST" skipped="0">
  <testcase classname="api.test.UserTests2" name="testPostUser" time="2.118"/>
  <system-out/>
  <testcase classname="api.test.UserTests2" name="getUserByName" time="0.476"/>
  <system-out/>
  <testcase classname="api.test.UserTests2" name="updateUserByName" time="0.913"/>
  <system-out/>
  <testcase classname="api.test.UserTests2" name="deleteUserByName" time="0.445"/>
  <system-out/>
</testsuite> <!-- api.test.UserTests2 -->
